At time / timestep: 0.1125 / 100
At time / timestep: 0.226136 / 200
At time / timestep: 0.339773 / 300
At time / timestep: 0.453409 / 400
L2 error analysis
=================
Pressue (p):    3.01142e-06
X-Velocity (u): 1.55155e-06
Y-Velocity (v): 1.55155e-06
Total number of timesteps: 440
At time / timestep: 0.1125 / 100
At time / timestep: 0.226136 / 200
At time / timestep: 0.339773 / 300
At time / timestep: 0.453409 / 400
L2 error analysis
=================
Pressue (p):    3.01142e-06
X-Velocity (u): 1.55155e-06
Y-Velocity (v): 1.55155e-06
Total number of timesteps: 440
At time / timestep: 0.1125 / 100
At time / timestep: 0.226136 / 200
At time / timestep: 0.339773 / 300
At time / timestep: 0.453409 / 400
L2 error analysis
=================
Pressue (p):    3.01142e-06
X-Velocity (u): 1.55155e-06
Y-Velocity (v): 1.55155e-06
Total number of timesteps: 440
At time / timestep: 0.1125 / 100
At time / timestep: 0.226136 / 200
At time / timestep: 0.339773 / 300
At time / timestep: 0.453409 / 400
L2 error analysis
=================
Pressue (p):    3.01142e-06
X-Velocity (u): 1.55155e-06
Y-Velocity (v): 1.55155e-06
Total number of timesteps: 440
At time / timestep: 0.1125 / 100
At time / timestep: 0.226136 / 200
At time / timestep: 0.339773 / 300
At time / timestep: 0.453409 / 400
L2 error analysis
=================
Pressue (p):    3.01142e-06
X-Velocity (u): 1.55155e-06
Y-Velocity (v): 1.55155e-06
Total number of timesteps: 440
At time / timestep: 0.1125 / 100
At time / timestep: 0.226136 / 200
At time / timestep: 0.339773 / 300
At time / timestep: 0.453409 / 400
L2 error analysis
=================
Pressue (p):    3.01142e-06
X-Velocity (u): 1.55155e-06
Y-Velocity (v): 1.55155e-06
Total number of timesteps: 440
At time / timestep: 0.1125 / 100
At time / timestep: 0.226136 / 200
At time / timestep: 0.339773 / 300
At time / timestep: 0.453409 / 400
L2 error analysis
=================
Pressue (p):    3.01142e-06
X-Velocity (u): 1.55155e-06
Y-Velocity (v): 1.55155e-06
Total number of timesteps: 440
At time / timestep: 0.1125 / 100
At time / timestep: 0.226136 / 200
At time / timestep: 0.339773 / 300
At time / timestep: 0.453409 / 400
L2 error analysis
=================
Pressue (p):    3.01142e-06
X-Velocity (u): 1.55155e-06
Y-Velocity (v): 1.55155e-06
Total number of timesteps: 440
At time / timestep: 0.1125 / 100
At time / timestep: 0.226136 / 200
At time / timestep: 0.339773 / 300
At time / timestep: 0.453409 / 400
L2 error analysis
=================
Pressue (p):    3.01142e-06
X-Velocity (u): 1.55155e-06
Y-Velocity (v): 1.55155e-06
Total number of timesteps: 440
At time / timestep: 0.1125 / 100
At time / timestep: 0.226136 / 200
At time / timestep: 0.339773 / 300
At time / timestep: 0.453409 / 400
L2 error analysis
=================
Pressue (p):    3.01142e-06
X-Velocity (u): 1.55155e-06
Y-Velocity (v): 1.55155e-06
Total number of timesteps: 440
At time / timestep: 0.1125 / 100
At time / timestep: 0.226136 / 200
At time / timestep: 0.339773 / 300
At time / timestep: 0.453409 / 400
L2 error analysis
=================
Pressue (p):    3.01142e-06
X-Velocity (u): 1.55155e-06
Y-Velocity (v): 1.55155e-06
Total number of timesteps: 440
At time / timestep: 0.1125 / 100
At time / timestep: 0.226136 / 200
At time / timestep: 0.339773 / 300
At time / timestep: 0.453409 / 400
L2 error analysis
=================
Pressue (p):    3.01142e-06
X-Velocity (u): 1.55155e-06
Y-Velocity (v): 1.55155e-06
Total number of timesteps: 440
At time / timestep: 0.1125 / 100
At time / timestep: 0.226136 / 200
At time / timestep: 0.339773 / 300
At time / timestep: 0.453409 / 400
L2 error analysis
=================
Pressue (p):    3.01142e-06
X-Velocity (u): 1.55155e-06
Y-Velocity (v): 1.55155e-06
Total number of timesteps: 440
At time / timestep: 0.1125 / 100
At time / timestep: 0.226136 / 200
At time / timestep: 0.339773 / 300
At time / timestep: 0.453409 / 400
L2 error analysis
=================
Pressue (p):    3.01142e-06
X-Velocity (u): 1.55155e-06
Y-Velocity (v): 1.55155e-06
Total number of timesteps: 440
At time / timestep: 0.1125 / 100
At time / timestep: 0.226136 / 200
At time / timestep: 0.339773 / 300
At time / timestep: 0.453409 / 400
L2 error analysis
=================
Pressue (p):    3.01142e-06
X-Velocity (u): 1.55155e-06
Y-Velocity (v): 1.55155e-06
Total number of timesteps: 440
